<?xml version="1.0" encoding="UTF-8"?>
<testsuite xmlns:xsi="http://www.w3.org/2001/XMLSchema-instance" xsi:noNamespaceSchemaLocation="https://maven.apache.org/surefire/maven-surefire-plugin/xsd/surefire-test-report.xsd" version="3.0.2" name="com.paden.oauth2login.Oauth2loginApplicationTests" time="2.049" tests="1" errors="0" skipped="0" failures="0">
  <properties>
[...]
</properties>
  <testcase name="contextLoads" classname="com.paden.oauth2login.Oauth2loginApplicationTests" time="0.445">
    <system-out><![CDATA[14:00:19.548 [main] INFO org.springframework.test.context.support.AnnotationConfigContextLoaderUtils -- Could not detect default configuration classes for test class [com.paden.oauth2login.Oauth2loginApplicationTests]: Oauth2loginApplicationTests does not declare any static, non-private, non-final, nested classes annotated with @Configuration.
14:00:19.637 [main] INFO org.springframework.boot.test.context.SpringBootTestContextBootstrapper -- Found @SpringBootConfiguration com.paden.oauth2login.Oauth2loginApplication for test class com.paden.oauth2login.Oauth2loginApplicationTests

  .   ____          _            __ _ _
 /\\ / ___'_ __ _ _(_)_ __  __ _ \ \ \ \
( ( )\___ | '_ | '_| | '_ \/ _` | \ \ \ \
 \\/  ___)| |_)| | | | | || (_| |  ) ) ) )
  '  |____| .__|_| |_|_| |_\__, | / / / /
 =========|_|==============|___/=/_/_/_/

 :: Spring Boot ::                (v3.4.3)

2025-03-07T14:00:19.891+08:00  INFO 24052 --- [oauth2login] [           main] c.p.o.Oauth2loginApplicationTests        : Starting Oauth2loginApplicationTests using Java 19.0.2 with PID 24052 (started by L23X14W38 in C:\Users\L23X14W38\IT342-Paden-Activities\GoogleContacts-Paden)
2025-03-07T14:00:19.891+08:00  INFO 24052 --- [oauth2login] [           main] c.p.o.Oauth2loginApplicationTests        : No active profile set, falling back to 1 default profile: "default"
2025-03-07T14:00:20.696+08:00  INFO 24052 --- [oauth2login] [           main] r$InitializeUserDetailsManagerConfigurer : Global AuthenticationManager configured with UserDetailsService bean with name inMemoryUserDetailsManager
2025-03-07T14:00:20.747+08:00  INFO 24052 --- [oauth2login] [           main] o.s.b.a.w.s.WelcomePageHandlerMapping    : Adding welcome page template: index
2025-03-07T14:00:20.980+08:00  INFO 24052 --- [oauth2login] [           main] c.p.o.Oauth2loginApplicationTests        : Started Oauth2loginApplicationTests in 1.253 seconds (process running for 1.867)
]]></system-out>
  </testcase>
</testsuite>